c:\ncnn-master\ncnn-master\windows\src\ncnn.dir\release\elu.obj
c:\ncnn-master\ncnn-master\windows\src\ncnn.dir\release\eltwise.obj
c:\ncnn-master\ncnn-master\windows\src\ncnn.dir\release\dropout.obj
c:\ncnn-master\ncnn-master\windows\src\ncnn.dir\release\deconvolution.obj
c:\ncnn-master\ncnn-master\windows\src\ncnn.dir\release\crop.obj
c:\ncnn-master\ncnn-master\windows\src\ncnn.dir\release\convolution_x86.obj
c:\ncnn-master\ncnn-master\windows\src\ncnn.dir\release\convolution.obj
c:\ncnn-master\ncnn-master\windows\src\ncnn.dir\release\concat.obj
c:\ncnn-master\ncnn-master\windows\src\ncnn.dir\release\bnll.obj
c:\ncnn-master\ncnn-master\windows\src\ncnn.dir\release\bias.obj
c:\ncnn-master\ncnn-master\windows\src\ncnn.dir\release\batchnorm.obj
c:\ncnn-master\ncnn-master\windows\src\ncnn.dir\release\argmax.obj
c:\ncnn-master\ncnn-master\windows\src\ncnn.dir\release\absval.obj
c:\ncnn-master\ncnn-master\windows\src\ncnn.dir\release\opencv.obj
c:\ncnn-master\ncnn-master\windows\src\ncnn.dir\release\net.obj
c:\ncnn-master\ncnn-master\windows\src\ncnn.dir\release\mat_pixel.obj
c:\ncnn-master\ncnn-master\windows\src\ncnn.dir\release\mat.obj
c:\ncnn-master\ncnn-master\windows\src\ncnn.dir\release\layer.obj
c:\ncnn-master\ncnn-master\windows\src\ncnn.dir\release\cpu.obj
c:\ncnn-master\ncnn-master\windows\src\ncnn.dir\release\blob.obj
c:\ncnn-master\ncnn-master\windows\src\ncnn.dir\release\slice.obj
c:\ncnn-master\ncnn-master\windows\src\ncnn.dir\release\sigmoid.obj
c:\ncnn-master\ncnn-master\windows\src\ncnn.dir\release\scale.obj
c:\ncnn-master\ncnn-master\windows\src\ncnn.dir\release\roipooling.obj
c:\ncnn-master\ncnn-master\windows\src\ncnn.dir\release\reshape.obj
c:\ncnn-master\ncnn-master\windows\src\ncnn.dir\release\relu.obj
c:\ncnn-master\ncnn-master\windows\src\ncnn.dir\release\reduction.obj
c:\ncnn-master\ncnn-master\windows\src\ncnn.dir\release\proposal.obj
c:\ncnn-master\ncnn-master\windows\src\ncnn.dir\release\prelu.obj
c:\ncnn-master\ncnn-master\windows\src\ncnn.dir\release\power.obj
c:\ncnn-master\ncnn-master\windows\src\ncnn.dir\release\pooling.obj
c:\ncnn-master\ncnn-master\windows\src\ncnn.dir\release\mvn.obj
c:\ncnn-master\ncnn-master\windows\src\ncnn.dir\release\memorydata.obj
c:\ncnn-master\ncnn-master\windows\src\ncnn.dir\release\lrn.obj
c:\ncnn-master\ncnn-master\windows\src\ncnn.dir\release\log.obj
c:\ncnn-master\ncnn-master\windows\src\ncnn.dir\release\input.obj
c:\ncnn-master\ncnn-master\windows\src\ncnn.dir\release\innerproduct.obj
c:\ncnn-master\ncnn-master\windows\src\ncnn.dir\release\flatten.obj
c:\ncnn-master\ncnn-master\windows\src\ncnn.dir\release\exp.obj
c:\ncnn-master\ncnn-master\windows\src\ncnn.dir\release\embed.obj
c:\ncnn-master\ncnn-master\windows\src\ncnn.dir\release\lstm.obj
c:\ncnn-master\ncnn-master\windows\src\ncnn.dir\release\rnn.obj
c:\ncnn-master\ncnn-master\windows\src\ncnn.dir\release\tile.obj
c:\ncnn-master\ncnn-master\windows\src\ncnn.dir\release\threshold.obj
c:\ncnn-master\ncnn-master\windows\src\ncnn.dir\release\tanh.obj
c:\ncnn-master\ncnn-master\windows\src\ncnn.dir\release\spp.obj
c:\ncnn-master\ncnn-master\windows\src\ncnn.dir\release\split.obj
c:\ncnn-master\ncnn-master\windows\src\ncnn.dir\release\softmax.obj
c:\ncnn-master\ncnn-master\windows\src\cmakefiles\generate.stamp
c:\ncnn-master\ncnn-master\windows\src\release\ncnn.lib
c:\ncnn-master\ncnn-master\windows\src\ncnn.dir\release\ncnn.tlog\cl.command.1.tlog
c:\ncnn-master\ncnn-master\windows\src\ncnn.dir\release\ncnn.tlog\cl.read.1.tlog
c:\ncnn-master\ncnn-master\windows\src\ncnn.dir\release\ncnn.tlog\cl.write.1.tlog
c:\ncnn-master\ncnn-master\windows\src\ncnn.dir\release\ncnn.tlog\custombuild.command.1.tlog
c:\ncnn-master\ncnn-master\windows\src\ncnn.dir\release\ncnn.tlog\custombuild.read.1.tlog
c:\ncnn-master\ncnn-master\windows\src\ncnn.dir\release\ncnn.tlog\custombuild.write.1.tlog
c:\ncnn-master\ncnn-master\windows\src\ncnn.dir\release\ncnn.tlog\lib-link.read.1.tlog
c:\ncnn-master\ncnn-master\windows\src\ncnn.dir\release\ncnn.tlog\lib-link.write.1.tlog
c:\ncnn-master\ncnn-master\windows\src\ncnn.dir\release\ncnn.tlog\lib.command.1.tlog
c:\ncnn-master\ncnn-master\windows\src\ncnn.dir\release\ncnn.tlog\link.command.1.tlog
c:\ncnn-master\ncnn-master\windows\src\ncnn.dir\release\ncnn.tlog\link.read.1.tlog
c:\ncnn-master\ncnn-master\windows\src\ncnn.dir\release\ncnn.tlog\link.write.1.tlog
